

================================================================
== Vitis HLS Report for 'systolic_array_Pipeline_VITIS_LOOP_17_1_VITIS_LOOP_18_2'
================================================================
* Date:           Mon Oct 28 14:11:53 2024

* Version:        2021.1 (Build 3247384 on Thu Jun 10 19:36:33 MDT 2021)
* Project:        miniproject2
* Solution:       solution1 (Vivado IP Flow Target)
* Product family: virtexuplus
* Target device:  xcvu5p-flva2104-1-e


================================================================
== Performance Estimates
================================================================
+ Timing: 
    * Summary: 
    +--------+----------+----------+------------+
    |  Clock |  Target  | Estimated| Uncertainty|
    +--------+----------+----------+------------+
    |ap_clk  |  10.00 ns|  2.082 ns|     2.70 ns|
    +--------+----------+----------+------------+

+ Latency: 
    * Summary: 
    +---------+---------+----------+----------+-----+-----+---------+
    |  Latency (cycles) |  Latency (absolute) |  Interval | Pipeline|
    |   min   |   max   |    min   |    max   | min | max |   Type  |
    +---------+---------+----------+----------+-----+-----+---------+
    |       18|       18|  0.180 us|  0.180 us|   18|   18|       no|
    +---------+---------+----------+----------+-----+-----+---------+

    + Detail: 
        * Instance: 
        N/A

        * Loop: 
        +-----------------------------------+---------+---------+----------+-----------+-----------+------+----------+
        |                                   |  Latency (cycles) | Iteration|  Initiation Interval  | Trip |          |
        |             Loop Name             |   min   |   max   |  Latency |  achieved |   target  | Count| Pipelined|
        +-----------------------------------+---------+---------+----------+-----------+-----------+------+----------+
        |- VITIS_LOOP_17_1_VITIS_LOOP_18_2  |       16|       16|         1|          1|          1|    16|       yes|
        +-----------------------------------+---------+---------+----------+-----------+-----------+------+----------+



================================================================
== Utilization Estimates
================================================================
* Summary: 
+---------------------+---------+------+---------+--------+-----+
|         Name        | BRAM_18K|  DSP |    FF   |   LUT  | URAM|
+---------------------+---------+------+---------+--------+-----+
|DSP                  |        -|     -|        -|       -|    -|
|Expression           |        -|     -|        0|     103|    -|
|FIFO                 |        -|     -|        -|       -|    -|
|Instance             |        -|     -|        -|       -|    -|
|Memory               |        -|     -|        -|       -|    -|
|Multiplexer          |        -|     -|        -|    1236|    -|
|Register             |        -|     -|      525|       -|    -|
+---------------------+---------+------+---------+--------+-----+
|Total                |        0|     0|      525|    1339|    0|
+---------------------+---------+------+---------+--------+-----+
|Available SLR        |     1024|  1737|   600577|  300288|  235|
+---------------------+---------+------+---------+--------+-----+
|Utilization SLR (%)  |        0|     0|       ~0|      ~0|    0|
+---------------------+---------+------+---------+--------+-----+
|Available            |     2048|  3474|  1201154|  600577|  470|
+---------------------+---------+------+---------+--------+-----+
|Utilization (%)      |        0|     0|       ~0|      ~0|    0|
+---------------------+---------+------+---------+--------+-----+

+ Detail: 
    * Instance: 
    N/A

    * DSP: 
    N/A

    * Memory: 
    N/A

    * FIFO: 
    N/A

    * Expression: 
    +--------------------------+----------+----+---+----+------------+------------+
    |       Variable Name      | Operation| DSP| FF| LUT| Bitwidth P0| Bitwidth P1|
    +--------------------------+----------+----+---+----+------------+------------+
    |add_ln17_1_fu_3309_p2     |         +|   0|  0|  10|           3|           1|
    |add_ln17_fu_3283_p2       |         +|   0|  0|  12|           5|           1|
    |add_ln18_fu_4771_p2       |         +|   0|  0|  10|           3|           1|
    |ap_condition_2694         |       and|   0|  0|   2|           1|           1|
    |ap_condition_2695         |       and|   0|  0|   2|           1|           1|
    |ap_condition_2696         |       and|   0|  0|   2|           1|           1|
    |ap_condition_2697         |       and|   0|  0|   2|           1|           1|
    |ap_condition_2698         |       and|   0|  0|   2|           1|           1|
    |ap_condition_2699         |       and|   0|  0|   2|           1|           1|
    |ap_condition_2700         |       and|   0|  0|   2|           1|           1|
    |ap_condition_2701         |       and|   0|  0|   2|           1|           1|
    |ap_condition_2702         |       and|   0|  0|   2|           1|           1|
    |ap_condition_2703         |       and|   0|  0|   2|           1|           1|
    |ap_condition_2704         |       and|   0|  0|   2|           1|           1|
    |ap_condition_2705         |       and|   0|  0|   2|           1|           1|
    |ap_condition_2706         |       and|   0|  0|   2|           1|           1|
    |ap_condition_2707         |       and|   0|  0|   2|           1|           1|
    |ap_condition_2708         |       and|   0|  0|   2|           1|           1|
    |ap_condition_2709         |       and|   0|  0|   2|           1|           1|
    |ap_condition_3021         |       and|   0|  0|   2|           1|           1|
    |ap_condition_3028         |       and|   0|  0|   2|           1|           1|
    |ap_condition_3034         |       and|   0|  0|   2|           1|           1|
    |ap_condition_3039         |       and|   0|  0|   2|           1|           1|
    |ap_condition_3042         |       and|   0|  0|   2|           1|           1|
    |ap_condition_3045         |       and|   0|  0|   2|           1|           1|
    |ap_condition_3050         |       and|   0|  0|   2|           1|           1|
    |icmp_ln17_fu_3277_p2      |      icmp|   0|  0|  10|           5|           6|
    |icmp_ln18_fu_3295_p2      |      icmp|   0|  0|   9|           3|           4|
    |select_ln17_1_fu_3315_p3  |    select|   0|  0|   3|           1|           3|
    |select_ln17_fu_3301_p3    |    select|   0|  0|   3|           1|           1|
    +--------------------------+----------+----+---+----+------------+------------+
    |Total                     |          |   0|  0| 103|          44|          40|
    +--------------------------+----------+----+---+----+------------+------------+

    * Multiplexer: 
    +----------------------------------------------+----+-----------+-----+-----------+
    |                     Name                     | LUT| Input Size| Bits| Total Bits|
    +----------------------------------------------+----+-----------+-----+-----------+
    |ap_done_int                                   |   9|          2|    1|          2|
    |ap_phi_mux_local_B_V_3_1_17_phi_fu_2489_p512  |  81|         17|   16|        272|
    |ap_phi_mux_phi_ln21_1_phi_fu_1716_p512        |  26|          5|    2|         10|
    |ap_phi_mux_phi_ln21_phi_fu_943_p512           |  26|          5|    2|         10|
    |ap_sig_allocacmp_i_load                       |   9|          2|    3|          6|
    |ap_sig_allocacmp_indvar_flatten_load          |   9|          2|    5|         10|
    |ap_sig_allocacmp_j_load                       |   9|          2|    3|          6|
    |i_fu_212                                      |   9|          2|    3|          6|
    |indvar_flatten_fu_216                         |   9|          2|    5|         10|
    |j_fu_208                                      |   9|          2|    3|          6|
    |local_A_V_0_0_1_fu_220                        |  65|         16|   16|        256|
    |local_A_V_0_1_1_fu_224                        |  65|         16|   16|        256|
    |local_A_V_0_2_1_fu_228                        |  65|         16|   16|        256|
    |local_A_V_0_3_1_fu_232                        |  65|         16|   16|        256|
    |local_A_V_1_0_1_fu_236                        |  65|         16|   16|        256|
    |local_A_V_1_1_1_fu_240                        |  65|         16|   16|        256|
    |local_A_V_1_2_1_fu_244                        |  65|         16|   16|        256|
    |local_A_V_1_3_1_fu_248                        |  65|         16|   16|        256|
    |local_A_V_2_0_1_fu_252                        |  65|         16|   16|        256|
    |local_A_V_2_1_1_fu_256                        |  65|         16|   16|        256|
    |local_A_V_2_2_1_fu_260                        |  65|         16|   16|        256|
    |local_A_V_2_3_1_fu_264                        |  65|         16|   16|        256|
    |local_A_V_3_0_1_fu_268                        |  65|         16|   16|        256|
    |local_A_V_3_1_1_fu_272                        |  65|         16|   16|        256|
    |local_A_V_3_2_1_fu_276                        |  65|         16|   16|        256|
    |local_A_V_3_3_1_fu_280                        |  65|         16|   16|        256|
    +----------------------------------------------+----+-----------+-----+-----------+
    |Total                                         |1236|        297|  299|       4434|
    +----------------------------------------------+----+-----------+-----+-----------+

    * Register: 
    +-------------------------+----+----+-----+-----------+
    |           Name          | FF | LUT| Bits| Const Bits|
    +-------------------------+----+----+-----+-----------+
    |ap_CS_fsm                |   1|   0|    1|          0|
    |ap_done_reg              |   1|   0|    1|          0|
    |i_fu_212                 |   3|   0|    3|          0|
    |indvar_flatten_fu_216    |   5|   0|    5|          0|
    |j_fu_208                 |   3|   0|    3|          0|
    |local_A_V_0_0_1_fu_220   |  16|   0|   16|          0|
    |local_A_V_0_1_1_fu_224   |  16|   0|   16|          0|
    |local_A_V_0_2_1_fu_228   |  16|   0|   16|          0|
    |local_A_V_0_3_1_fu_232   |  16|   0|   16|          0|
    |local_A_V_1_0_1_fu_236   |  16|   0|   16|          0|
    |local_A_V_1_1_1_fu_240   |  16|   0|   16|          0|
    |local_A_V_1_2_1_fu_244   |  16|   0|   16|          0|
    |local_A_V_1_3_1_fu_248   |  16|   0|   16|          0|
    |local_A_V_2_0_1_fu_252   |  16|   0|   16|          0|
    |local_A_V_2_1_1_fu_256   |  16|   0|   16|          0|
    |local_A_V_2_2_1_fu_260   |  16|   0|   16|          0|
    |local_A_V_2_3_1_fu_264   |  16|   0|   16|          0|
    |local_A_V_3_0_1_fu_268   |  16|   0|   16|          0|
    |local_A_V_3_1_1_fu_272   |  16|   0|   16|          0|
    |local_A_V_3_2_1_fu_276   |  16|   0|   16|          0|
    |local_A_V_3_3_1_fu_280   |  16|   0|   16|          0|
    |local_B_V_3_1_10_fu_320  |  16|   0|   16|          0|
    |local_B_V_3_1_11_fu_324  |  16|   0|   16|          0|
    |local_B_V_3_1_12_fu_328  |  16|   0|   16|          0|
    |local_B_V_3_1_13_fu_332  |  16|   0|   16|          0|
    |local_B_V_3_1_14_fu_340  |  16|   0|   16|          0|
    |local_B_V_3_1_15_fu_344  |  16|   0|   16|          0|
    |local_B_V_3_1_1_fu_336   |  16|   0|   16|          0|
    |local_B_V_3_1_2_fu_288   |  16|   0|   16|          0|
    |local_B_V_3_1_3_fu_292   |  16|   0|   16|          0|
    |local_B_V_3_1_4_fu_296   |  16|   0|   16|          0|
    |local_B_V_3_1_5_fu_300   |  16|   0|   16|          0|
    |local_B_V_3_1_6_fu_304   |  16|   0|   16|          0|
    |local_B_V_3_1_7_fu_308   |  16|   0|   16|          0|
    |local_B_V_3_1_8_fu_312   |  16|   0|   16|          0|
    |local_B_V_3_1_9_fu_316   |  16|   0|   16|          0|
    |local_B_V_3_1_fu_284     |  16|   0|   16|          0|
    +-------------------------+----+----+-----+-----------+
    |Total                    | 525|   0|  525|          0|
    +-------------------------+----+----+-----+-----------+



================================================================
== Interface
================================================================
* Summary: 
+----------------------------+-----+-----+------------+---------------------------------------------------------+--------------+
|          RTL Ports         | Dir | Bits|  Protocol  |                      Source Object                      |    C Type    |
+----------------------------+-----+-----+------------+---------------------------------------------------------+--------------+
|ap_clk                      |   in|    1|  ap_ctrl_hs|  systolic_array_Pipeline_VITIS_LOOP_17_1_VITIS_LOOP_18_2|  return value|
|ap_rst                      |   in|    1|  ap_ctrl_hs|  systolic_array_Pipeline_VITIS_LOOP_17_1_VITIS_LOOP_18_2|  return value|
|ap_start                    |   in|    1|  ap_ctrl_hs|  systolic_array_Pipeline_VITIS_LOOP_17_1_VITIS_LOOP_18_2|  return value|
|ap_done                     |  out|    1|  ap_ctrl_hs|  systolic_array_Pipeline_VITIS_LOOP_17_1_VITIS_LOOP_18_2|  return value|
|ap_idle                     |  out|    1|  ap_ctrl_hs|  systolic_array_Pipeline_VITIS_LOOP_17_1_VITIS_LOOP_18_2|  return value|
|ap_ready                    |  out|    1|  ap_ctrl_hs|  systolic_array_Pipeline_VITIS_LOOP_17_1_VITIS_LOOP_18_2|  return value|
|local_A_V_3_0               |   in|   16|     ap_none|                                            local_A_V_3_0|        scalar|
|local_A_V_3_0_4             |   in|   16|     ap_none|                                          local_A_V_3_0_4|        scalar|
|local_A_V_3_0_3             |   in|   16|     ap_none|                                          local_A_V_3_0_3|        scalar|
|local_A_V_3_0_13            |   in|   16|     ap_none|                                         local_A_V_3_0_13|        scalar|
|local_A_V_3_0_16            |   in|   16|     ap_none|                                         local_A_V_3_0_16|        scalar|
|local_A_V_3_0_15            |   in|   16|     ap_none|                                         local_A_V_3_0_15|        scalar|
|local_A_V_3_0_9             |   in|   16|     ap_none|                                          local_A_V_3_0_9|        scalar|
|local_A_V_3_0_12            |   in|   16|     ap_none|                                         local_A_V_3_0_12|        scalar|
|local_A_V_3_0_11            |   in|   16|     ap_none|                                         local_A_V_3_0_11|        scalar|
|local_A_V_3_0_5             |   in|   16|     ap_none|                                          local_A_V_3_0_5|        scalar|
|local_A_V_3_0_8             |   in|   16|     ap_none|                                          local_A_V_3_0_8|        scalar|
|local_A_V_3_0_7             |   in|   16|     ap_none|                                          local_A_V_3_0_7|        scalar|
|local_A_V_3_0_2             |   in|   16|     ap_none|                                          local_A_V_3_0_2|        scalar|
|local_A_V_3_0_14            |   in|   16|     ap_none|                                         local_A_V_3_0_14|        scalar|
|local_A_V_3_0_10            |   in|   16|     ap_none|                                         local_A_V_3_0_10|        scalar|
|local_A_V_3_0_6             |   in|   16|     ap_none|                                          local_A_V_3_0_6|        scalar|
|B_3_3_load                  |   in|   16|     ap_none|                                               B_3_3_load|        scalar|
|B_3_2_load                  |   in|   16|     ap_none|                                               B_3_2_load|        scalar|
|B_3_1_load                  |   in|   16|     ap_none|                                               B_3_1_load|        scalar|
|B_2_3_load                  |   in|   16|     ap_none|                                               B_2_3_load|        scalar|
|B_2_2_load                  |   in|   16|     ap_none|                                               B_2_2_load|        scalar|
|B_2_1_load                  |   in|   16|     ap_none|                                               B_2_1_load|        scalar|
|B_1_3_load                  |   in|   16|     ap_none|                                               B_1_3_load|        scalar|
|B_1_2_load                  |   in|   16|     ap_none|                                               B_1_2_load|        scalar|
|B_1_1_load                  |   in|   16|     ap_none|                                               B_1_1_load|        scalar|
|B_0_3_load                  |   in|   16|     ap_none|                                               B_0_3_load|        scalar|
|B_0_2_load                  |   in|   16|     ap_none|                                               B_0_2_load|        scalar|
|B_0_1_load                  |   in|   16|     ap_none|                                               B_0_1_load|        scalar|
|B_3_0_load                  |   in|   16|     ap_none|                                               B_3_0_load|        scalar|
|B_2_0_load                  |   in|   16|     ap_none|                                               B_2_0_load|        scalar|
|B_1_0_load                  |   in|   16|     ap_none|                                               B_1_0_load|        scalar|
|B_0_0_load                  |   in|   16|     ap_none|                                               B_0_0_load|        scalar|
|buffer_V_3_3_1_out          |  out|   16|      ap_vld|                                       buffer_V_3_3_1_out|       pointer|
|buffer_V_3_3_1_out_ap_vld   |  out|    1|      ap_vld|                                       buffer_V_3_3_1_out|       pointer|
|buffer_V_3_2_1_out          |  out|   16|      ap_vld|                                       buffer_V_3_2_1_out|       pointer|
|buffer_V_3_2_1_out_ap_vld   |  out|    1|      ap_vld|                                       buffer_V_3_2_1_out|       pointer|
|buffer_V_3_1_1_out          |  out|   16|      ap_vld|                                       buffer_V_3_1_1_out|       pointer|
|buffer_V_3_1_1_out_ap_vld   |  out|    1|      ap_vld|                                       buffer_V_3_1_1_out|       pointer|
|buffer_V_3_0_1_out          |  out|   16|      ap_vld|                                       buffer_V_3_0_1_out|       pointer|
|buffer_V_3_0_1_out_ap_vld   |  out|    1|      ap_vld|                                       buffer_V_3_0_1_out|       pointer|
|buffer_V_2_3_1_out          |  out|   16|      ap_vld|                                       buffer_V_2_3_1_out|       pointer|
|buffer_V_2_3_1_out_ap_vld   |  out|    1|      ap_vld|                                       buffer_V_2_3_1_out|       pointer|
|buffer_V_2_2_1_out          |  out|   16|      ap_vld|                                       buffer_V_2_2_1_out|       pointer|
|buffer_V_2_2_1_out_ap_vld   |  out|    1|      ap_vld|                                       buffer_V_2_2_1_out|       pointer|
|buffer_V_2_1_1_out          |  out|   16|      ap_vld|                                       buffer_V_2_1_1_out|       pointer|
|buffer_V_2_1_1_out_ap_vld   |  out|    1|      ap_vld|                                       buffer_V_2_1_1_out|       pointer|
|buffer_V_2_0_1_out          |  out|   16|      ap_vld|                                       buffer_V_2_0_1_out|       pointer|
|buffer_V_2_0_1_out_ap_vld   |  out|    1|      ap_vld|                                       buffer_V_2_0_1_out|       pointer|
|buffer_V_1_3_1_out          |  out|   16|      ap_vld|                                       buffer_V_1_3_1_out|       pointer|
|buffer_V_1_3_1_out_ap_vld   |  out|    1|      ap_vld|                                       buffer_V_1_3_1_out|       pointer|
|buffer_V_1_2_1_out          |  out|   16|      ap_vld|                                       buffer_V_1_2_1_out|       pointer|
|buffer_V_1_2_1_out_ap_vld   |  out|    1|      ap_vld|                                       buffer_V_1_2_1_out|       pointer|
|buffer_V_1_1_1_out          |  out|   16|      ap_vld|                                       buffer_V_1_1_1_out|       pointer|
|buffer_V_1_1_1_out_ap_vld   |  out|    1|      ap_vld|                                       buffer_V_1_1_1_out|       pointer|
|buffer_V_1_0_1_out          |  out|   16|      ap_vld|                                       buffer_V_1_0_1_out|       pointer|
|buffer_V_1_0_1_out_ap_vld   |  out|    1|      ap_vld|                                       buffer_V_1_0_1_out|       pointer|
|buffer_V_0_3_1_out          |  out|   16|      ap_vld|                                       buffer_V_0_3_1_out|       pointer|
|buffer_V_0_3_1_out_ap_vld   |  out|    1|      ap_vld|                                       buffer_V_0_3_1_out|       pointer|
|buffer_V_0_2_1_out          |  out|   16|      ap_vld|                                       buffer_V_0_2_1_out|       pointer|
|buffer_V_0_2_1_out_ap_vld   |  out|    1|      ap_vld|                                       buffer_V_0_2_1_out|       pointer|
|buffer_V_0_1_1_out          |  out|   16|      ap_vld|                                       buffer_V_0_1_1_out|       pointer|
|buffer_V_0_1_1_out_ap_vld   |  out|    1|      ap_vld|                                       buffer_V_0_1_1_out|       pointer|
|buffer_V_0_0_1_out          |  out|   16|      ap_vld|                                       buffer_V_0_0_1_out|       pointer|
|buffer_V_0_0_1_out_ap_vld   |  out|    1|      ap_vld|                                       buffer_V_0_0_1_out|       pointer|
|local_B_V_3_3_1_out         |  out|   16|      ap_vld|                                      local_B_V_3_3_1_out|       pointer|
|local_B_V_3_3_1_out_ap_vld  |  out|    1|      ap_vld|                                      local_B_V_3_3_1_out|       pointer|
|local_B_V_3_2_1_out         |  out|   16|      ap_vld|                                      local_B_V_3_2_1_out|       pointer|
|local_B_V_3_2_1_out_ap_vld  |  out|    1|      ap_vld|                                      local_B_V_3_2_1_out|       pointer|
|local_B_V_3_1_1_out         |  out|   16|      ap_vld|                                      local_B_V_3_1_1_out|       pointer|
|local_B_V_3_1_1_out_ap_vld  |  out|    1|      ap_vld|                                      local_B_V_3_1_1_out|       pointer|
|local_B_V_3_0_1_out         |  out|   16|      ap_vld|                                      local_B_V_3_0_1_out|       pointer|
|local_B_V_3_0_1_out_ap_vld  |  out|    1|      ap_vld|                                      local_B_V_3_0_1_out|       pointer|
|local_B_V_2_3_1_out         |  out|   16|      ap_vld|                                      local_B_V_2_3_1_out|       pointer|
|local_B_V_2_3_1_out_ap_vld  |  out|    1|      ap_vld|                                      local_B_V_2_3_1_out|       pointer|
|local_B_V_2_2_1_out         |  out|   16|      ap_vld|                                      local_B_V_2_2_1_out|       pointer|
|local_B_V_2_2_1_out_ap_vld  |  out|    1|      ap_vld|                                      local_B_V_2_2_1_out|       pointer|
|local_B_V_2_1_1_out         |  out|   16|      ap_vld|                                      local_B_V_2_1_1_out|       pointer|
|local_B_V_2_1_1_out_ap_vld  |  out|    1|      ap_vld|                                      local_B_V_2_1_1_out|       pointer|
|local_B_V_2_0_1_out         |  out|   16|      ap_vld|                                      local_B_V_2_0_1_out|       pointer|
|local_B_V_2_0_1_out_ap_vld  |  out|    1|      ap_vld|                                      local_B_V_2_0_1_out|       pointer|
|local_B_V_1_3_1_out         |  out|   16|      ap_vld|                                      local_B_V_1_3_1_out|       pointer|
|local_B_V_1_3_1_out_ap_vld  |  out|    1|      ap_vld|                                      local_B_V_1_3_1_out|       pointer|
|local_B_V_1_2_1_out         |  out|   16|      ap_vld|                                      local_B_V_1_2_1_out|       pointer|
|local_B_V_1_2_1_out_ap_vld  |  out|    1|      ap_vld|                                      local_B_V_1_2_1_out|       pointer|
|local_B_V_1_1_1_out         |  out|   16|      ap_vld|                                      local_B_V_1_1_1_out|       pointer|
|local_B_V_1_1_1_out_ap_vld  |  out|    1|      ap_vld|                                      local_B_V_1_1_1_out|       pointer|
|local_B_V_1_0_1_out         |  out|   16|      ap_vld|                                      local_B_V_1_0_1_out|       pointer|
|local_B_V_1_0_1_out_ap_vld  |  out|    1|      ap_vld|                                      local_B_V_1_0_1_out|       pointer|
|local_B_V_0_3_1_out         |  out|   16|      ap_vld|                                      local_B_V_0_3_1_out|       pointer|
|local_B_V_0_3_1_out_ap_vld  |  out|    1|      ap_vld|                                      local_B_V_0_3_1_out|       pointer|
|local_B_V_0_2_1_out         |  out|   16|      ap_vld|                                      local_B_V_0_2_1_out|       pointer|
|local_B_V_0_2_1_out_ap_vld  |  out|    1|      ap_vld|                                      local_B_V_0_2_1_out|       pointer|
|local_B_V_0_1_1_out         |  out|   16|      ap_vld|                                      local_B_V_0_1_1_out|       pointer|
|local_B_V_0_1_1_out_ap_vld  |  out|    1|      ap_vld|                                      local_B_V_0_1_1_out|       pointer|
|local_B_V_0_0_1_out         |  out|   16|      ap_vld|                                      local_B_V_0_0_1_out|       pointer|
|local_B_V_0_0_1_out_ap_vld  |  out|    1|      ap_vld|                                      local_B_V_0_0_1_out|       pointer|
|local_A_V_3_3_1_out         |  out|   16|      ap_vld|                                      local_A_V_3_3_1_out|       pointer|
|local_A_V_3_3_1_out_ap_vld  |  out|    1|      ap_vld|                                      local_A_V_3_3_1_out|       pointer|
|local_A_V_3_2_1_out         |  out|   16|      ap_vld|                                      local_A_V_3_2_1_out|       pointer|
|local_A_V_3_2_1_out_ap_vld  |  out|    1|      ap_vld|                                      local_A_V_3_2_1_out|       pointer|
|local_A_V_3_1_1_out         |  out|   16|      ap_vld|                                      local_A_V_3_1_1_out|       pointer|
|local_A_V_3_1_1_out_ap_vld  |  out|    1|      ap_vld|                                      local_A_V_3_1_1_out|       pointer|
|local_A_V_3_0_1_out         |  out|   16|      ap_vld|                                      local_A_V_3_0_1_out|       pointer|
|local_A_V_3_0_1_out_ap_vld  |  out|    1|      ap_vld|                                      local_A_V_3_0_1_out|       pointer|
|local_A_V_2_3_1_out         |  out|   16|      ap_vld|                                      local_A_V_2_3_1_out|       pointer|
|local_A_V_2_3_1_out_ap_vld  |  out|    1|      ap_vld|                                      local_A_V_2_3_1_out|       pointer|
|local_A_V_2_2_1_out         |  out|   16|      ap_vld|                                      local_A_V_2_2_1_out|       pointer|
|local_A_V_2_2_1_out_ap_vld  |  out|    1|      ap_vld|                                      local_A_V_2_2_1_out|       pointer|
|local_A_V_2_1_1_out         |  out|   16|      ap_vld|                                      local_A_V_2_1_1_out|       pointer|
|local_A_V_2_1_1_out_ap_vld  |  out|    1|      ap_vld|                                      local_A_V_2_1_1_out|       pointer|
|local_A_V_2_0_1_out         |  out|   16|      ap_vld|                                      local_A_V_2_0_1_out|       pointer|
|local_A_V_2_0_1_out_ap_vld  |  out|    1|      ap_vld|                                      local_A_V_2_0_1_out|       pointer|
|local_A_V_1_3_1_out         |  out|   16|      ap_vld|                                      local_A_V_1_3_1_out|       pointer|
|local_A_V_1_3_1_out_ap_vld  |  out|    1|      ap_vld|                                      local_A_V_1_3_1_out|       pointer|
|local_A_V_1_2_1_out         |  out|   16|      ap_vld|                                      local_A_V_1_2_1_out|       pointer|
|local_A_V_1_2_1_out_ap_vld  |  out|    1|      ap_vld|                                      local_A_V_1_2_1_out|       pointer|
|local_A_V_1_1_1_out         |  out|   16|      ap_vld|                                      local_A_V_1_1_1_out|       pointer|
|local_A_V_1_1_1_out_ap_vld  |  out|    1|      ap_vld|                                      local_A_V_1_1_1_out|       pointer|
|local_A_V_1_0_1_out         |  out|   16|      ap_vld|                                      local_A_V_1_0_1_out|       pointer|
|local_A_V_1_0_1_out_ap_vld  |  out|    1|      ap_vld|                                      local_A_V_1_0_1_out|       pointer|
|local_A_V_0_3_1_out         |  out|   16|      ap_vld|                                      local_A_V_0_3_1_out|       pointer|
|local_A_V_0_3_1_out_ap_vld  |  out|    1|      ap_vld|                                      local_A_V_0_3_1_out|       pointer|
|local_A_V_0_2_1_out         |  out|   16|      ap_vld|                                      local_A_V_0_2_1_out|       pointer|
|local_A_V_0_2_1_out_ap_vld  |  out|    1|      ap_vld|                                      local_A_V_0_2_1_out|       pointer|
|local_A_V_0_1_1_out         |  out|   16|      ap_vld|                                      local_A_V_0_1_1_out|       pointer|
|local_A_V_0_1_1_out_ap_vld  |  out|    1|      ap_vld|                                      local_A_V_0_1_1_out|       pointer|
|local_A_V_0_0_1_out         |  out|   16|      ap_vld|                                      local_A_V_0_0_1_out|       pointer|
|local_A_V_0_0_1_out_ap_vld  |  out|    1|      ap_vld|                                      local_A_V_0_0_1_out|       pointer|
+----------------------------+-----+-----+------------+---------------------------------------------------------+--------------+

